c:\dev\cpp\key-management-system\key-mana.d94e16e1\x64\release\vc143.pdb
c:\dev\cpp\key-management-system\key-mana.d94e16e1\x64\release\userinterface.obj
c:\dev\cpp\key-management-system\key-mana.d94e16e1\x64\release\main.obj
c:\dev\cpp\key-management-system\key-mana.d94e16e1\x64\release\keymanager.obj
c:\dev\cpp\key-management-system\key-mana.d94e16e1\x64\release\keyimporter.obj
c:\dev\cpp\key-management-system\key-mana.d94e16e1\x64\release\keycollection.obj
c:\dev\cpp\key-management-system\key-mana.d94e16e1\x64\release\key.obj
c:\dev\cpp\key-management-system\key-mana.d94e16e1\x64\release\filesystemstorage.obj
c:\dev\cpp\key-management-system\key-mana.d94e16e1\x64\release\filemanager.obj
c:\dev\cpp\key-management-system\key-mana.d94e16e1\x64\release\application.obj
c:\dev\cpp\key-management-system\x64\release\key-management-system.exe
c:\dev\cpp\key-management-system\x64\release\key-management-system.pdb
c:\dev\cpp\key-management-system\key-mana.d94e16e1\x64\release\key-management-system.ipdb
c:\dev\cpp\key-management-system\key-mana.d94e16e1\x64\release\key-management-system.iobj
c:\dev\cpp\key-management-system\key-mana.d94e16e1\x64\release\key-mana.d94e16e1.tlog\cl.command.1.tlog
c:\dev\cpp\key-management-system\key-mana.d94e16e1\x64\release\key-mana.d94e16e1.tlog\cl.items.tlog
c:\dev\cpp\key-management-system\key-mana.d94e16e1\x64\release\key-mana.d94e16e1.tlog\cl.read.1.tlog
c:\dev\cpp\key-management-system\key-mana.d94e16e1\x64\release\key-mana.d94e16e1.tlog\cl.write.1.tlog
c:\dev\cpp\key-management-system\key-mana.d94e16e1\x64\release\key-mana.d94e16e1.tlog\link.command.1.tlog
c:\dev\cpp\key-management-system\key-mana.d94e16e1\x64\release\key-mana.d94e16e1.tlog\link.read.1.tlog
c:\dev\cpp\key-management-system\key-mana.d94e16e1\x64\release\key-mana.d94e16e1.tlog\link.secondary.1.tlog
c:\dev\cpp\key-management-system\key-mana.d94e16e1\x64\release\key-mana.d94e16e1.tlog\link.write.1.tlog
