c:\dev\cpp\key-management-system\key-mana.d94e16e1\x64\debug\vc143.pdb
c:\dev\cpp\key-management-system\key-mana.d94e16e1\x64\debug\vc143.idb
c:\dev\cpp\key-management-system\key-mana.d94e16e1\x64\debug\userinterface.obj
c:\dev\cpp\key-management-system\key-mana.d94e16e1\x64\debug\main.obj
c:\dev\cpp\key-management-system\key-mana.d94e16e1\x64\debug\keymanager.obj
c:\dev\cpp\key-management-system\key-mana.d94e16e1\x64\debug\keyimporter.obj
c:\dev\cpp\key-management-system\key-mana.d94e16e1\x64\debug\keycollection.obj
c:\dev\cpp\key-management-system\key-mana.d94e16e1\x64\debug\key.obj
c:\dev\cpp\key-management-system\key-mana.d94e16e1\x64\debug\filesystemstorage.obj
c:\dev\cpp\key-management-system\key-mana.d94e16e1\x64\debug\filemanager.obj
c:\dev\cpp\key-management-system\key-mana.d94e16e1\x64\debug\application.obj
c:\dev\cpp\key-management-system\x64\debug\key-management-system.exe
c:\dev\cpp\key-management-system\x64\debug\key-management-system.pdb
c:\dev\cpp\key-management-system\key-mana.d94e16e1\x64\debug\key-management-system.ilk
c:\dev\cpp\key-management-system\key-mana.d94e16e1\x64\debug\key-mana.d94e16e1.tlog\cl.command.1.tlog
c:\dev\cpp\key-management-system\key-mana.d94e16e1\x64\debug\key-mana.d94e16e1.tlog\cl.items.tlog
c:\dev\cpp\key-management-system\key-mana.d94e16e1\x64\debug\key-mana.d94e16e1.tlog\cl.read.1.tlog
c:\dev\cpp\key-management-system\key-mana.d94e16e1\x64\debug\key-mana.d94e16e1.tlog\cl.write.1.tlog
c:\dev\cpp\key-management-system\key-mana.d94e16e1\x64\debug\key-mana.d94e16e1.tlog\link.command.1.tlog
c:\dev\cpp\key-management-system\key-mana.d94e16e1\x64\debug\key-mana.d94e16e1.tlog\link.read.1.tlog
c:\dev\cpp\key-management-system\key-mana.d94e16e1\x64\debug\key-mana.d94e16e1.tlog\link.secondary.1.tlog
c:\dev\cpp\key-management-system\key-mana.d94e16e1\x64\debug\key-mana.d94e16e1.tlog\link.write.1.tlog
